
[Error data]:  2015-12-24 17:12:14
[Error type]:  NOTICE
[Error]:       Undefined variable: r
[Error file]:  /home/phpstudent/server/httpd/errors/index.php
[Error line]:  15
#0  myErrorHandler() called at [/home/phpstudent/server/httpd/errors/index.php:15]
#1  err() called at [/home/phpstudent/server/httpd/errors/index.php:19]

[Error data]:  2015-12-24 17:12:14
[Error type]:  NOTICE
[Error]:       Undefined variable: i
[Error file]:  /home/phpstudent/server/httpd/errors/index.php
[Error line]:  16
#0  myErrorHandler() called at [/home/phpstudent/server/httpd/errors/index.php:16]
#1  err() called at [/home/phpstudent/server/httpd/errors/index.php:19]

[Error data]:  2015-12-24 17:12:14
[Error type]:  WARNING
[Error]:       Division by zero
[Error file]:  /home/phpstudent/server/httpd/errors/index.php
[Error line]:  16
#0  myErrorHandler() called at [/home/phpstudent/server/httpd/errors/index.php:16]
#1  err() called at [/home/phpstudent/server/httpd/errors/index.php:19]
